[debug] [2024-08-21T04:11:16.541Z] ----------------------------------------------------------------------
[debug] [2024-08-21T04:11:16.543Z] Command:       C:\Program Files\nodejs\node.exe C:\Users\Rodri\AppData\Roaming\npm\node_modules\firebase-tools\lib\bin\firebase.js deploy --only hosting
[debug] [2024-08-21T04:11:16.543Z] CLI Version:   13.15.2
[debug] [2024-08-21T04:11:16.543Z] Platform:      win32
[debug] [2024-08-21T04:11:16.543Z] Node Version:  v18.17.1
[debug] [2024-08-21T04:11:16.544Z] Time:          Wed Aug 21 2024 00:11:16 GMT-0400 (Eastern Daylight Time)
[debug] [2024-08-21T04:11:16.544Z] ----------------------------------------------------------------------
[debug] 
[debug] [2024-08-21T04:11:16.588Z] > command requires scopes: ["email","openid","https://www.googleapis.com/auth/cloudplatformprojects.readonly","https://www.googleapis.com/auth/firebase","https://www.googleapis.com/auth/cloud-platform"]
[debug] [2024-08-21T04:11:16.589Z] > authorizing via signed-in user (rodrigo.squarescore@gmail.com)
[debug] [2024-08-21T04:11:16.589Z] [iam] checking project square-score-ai for permissions ["firebase.projects.get","firebasehosting.sites.update"]
[debug] [2024-08-21T04:11:16.590Z] >>> [apiv2][query] POST https://cloudresourcemanager.googleapis.com/v1/projects/square-score-ai:testIamPermissions [none]
[debug] [2024-08-21T04:11:16.590Z] >>> [apiv2][(partial)header] POST https://cloudresourcemanager.googleapis.com/v1/projects/square-score-ai:testIamPermissions x-goog-quota-user=projects/square-score-ai
[debug] [2024-08-21T04:11:16.591Z] >>> [apiv2][body] POST https://cloudresourcemanager.googleapis.com/v1/projects/square-score-ai:testIamPermissions {"permissions":["firebase.projects.get","firebasehosting.sites.update"]}
[debug] [2024-08-21T04:11:16.858Z] <<< [apiv2][status] POST https://cloudresourcemanager.googleapis.com/v1/projects/square-score-ai:testIamPermissions 200
[debug] [2024-08-21T04:11:16.858Z] <<< [apiv2][body] POST https://cloudresourcemanager.googleapis.com/v1/projects/square-score-ai:testIamPermissions {"permissions":["firebase.projects.get","firebasehosting.sites.update"]}
[debug] [2024-08-21T04:11:16.859Z] >>> [apiv2][query] GET https://firebase.googleapis.com/v1beta1/projects/square-score-ai [none]
[debug] [2024-08-21T04:11:17.252Z] <<< [apiv2][status] GET https://firebase.googleapis.com/v1beta1/projects/square-score-ai 200
[debug] [2024-08-21T04:11:17.252Z] <<< [apiv2][body] GET https://firebase.googleapis.com/v1beta1/projects/square-score-ai {"projectId":"square-score-ai","projectNumber":"73489610245","displayName":"square-score-ai","name":"projects/square-score-ai","resources":{"hostingSite":"square-score-ai","realtimeDatabaseInstance":"square-score-ai-default-rtdb","storageBucket":"square-score-ai.appspot.com","locationId":"us-east1"},"state":"ACTIVE","etag":"1_55dddd0b-b7f4-4c1f-bc63-134df328f6fd"}
[info] 
[info] === Deploying to 'square-score-ai'...
[info] 
[info] i  deploying hosting 
[debug] [2024-08-21T04:11:17.255Z] >>> [apiv2][query] POST https://firebasehosting.googleapis.com/v1beta1/projects/-/sites/square-score-ai/versions [none]
[debug] [2024-08-21T04:11:17.255Z] >>> [apiv2][body] POST https://firebasehosting.googleapis.com/v1beta1/projects/-/sites/square-score-ai/versions {"status":"CREATED","labels":{"deployment-tool":"cli-firebase"}}
